# Logfile created on 2013-12-15 23:14:13 +0100 by logger.rb/36483
E, [2013-12-15T23:14:13.772641 #43750] ERROR -- : [91m
[ERROR:] in JSON::ParserError with message: 

[39m
E, [2013-12-15T23:15:11.015834 #43788] ERROR -- : [91m
[ERROR:] in JSON::ParserError with message: 

[39m
E, [2013-12-15T23:17:54.856342 #43892] ERROR -- : [91m
[ERROR inspection:] #<MultiJson::LoadError: JSON::ParserError>

[39m
E, [2013-12-15T23:17:54.856578 #43892] ERROR -- : [91m
[ERROR backtrace:] ["/Users/andwen/.rvm/gems/ruby-2.0.0-p247@couchtools/gems/multi_json-1.8.2/lib/multi_json/adapter.rb:19:in `load'", "/Users/andwen/.rvm/gems/ruby-2.0.0-p247@couchtools/gems/multi_json-1.8.2/lib/multi_json.rb:120:in `load'", "/Users/andwen/project/couchdbtools/lib/couchdbtools/request.rb:50:in `response'", "/Users/andwen/project/couchdbtools/lib/couchdbtools.rb:58:in `execute'", "/Users/andwen/project/couchdbtools/lib/couchdbtools/api/server.rb:50:in `db_updates'", "development-test.rb:16:in `<main>'"]

[39m
E, [2013-12-15T23:18:30.937862 #43913] ERROR -- : [91m
[ERROR inspection:] #<MultiJson::LoadError: JSON::ParserError>

[39m
E, [2013-12-15T23:18:30.938098 #43913] ERROR -- : [91m
[ERROR backtrace:] ["/Users/andwen/.rvm/gems/ruby-2.0.0-p247@couchtools/gems/multi_json-1.8.2/lib/multi_json/adapter.rb:19:in `load'", "/Users/andwen/.rvm/gems/ruby-2.0.0-p247@couchtools/gems/multi_json-1.8.2/lib/multi_json.rb:120:in `load'", "/Users/andwen/project/couchdbtools/lib/couchdbtools/request.rb:50:in `response'", "/Users/andwen/project/couchdbtools/lib/couchdbtools.rb:58:in `execute'", "/Users/andwen/project/couchdbtools/lib/couchdbtools/api/server.rb:50:in `db_updates'", "development-test.rb:16:in `<main>'"]

[39m
E, [2013-12-15T23:18:51.326659 #43940] ERROR -- : [91m
[ERROR inspection:] #<MultiJson::LoadError: JSON::ParserError>

[39m
E, [2013-12-15T23:18:51.326954 #43940] ERROR -- : [91m
[ERROR backtrace:] ["/Users/andwen/.rvm/gems/ruby-2.0.0-p247@couchtools/gems/multi_json-1.8.2/lib/multi_json/adapter.rb:19:in `load'", "/Users/andwen/.rvm/gems/ruby-2.0.0-p247@couchtools/gems/multi_json-1.8.2/lib/multi_json.rb:120:in `load'", "/Users/andwen/project/couchdbtools/lib/couchdbtools/request.rb:50:in `response'", "/Users/andwen/project/couchdbtools/lib/couchdbtools.rb:58:in `execute'", "/Users/andwen/project/couchdbtools/lib/couchdbtools/api/server.rb:50:in `db_updates'", "development-test.rb:16:in `<main>'"]

[39m
E, [2013-12-15T23:19:13.115320 #43957] ERROR -- : scheisse
E, [2013-12-15T23:19:13.115555 #43957] ERROR -- : [91m
[ERROR inspection:] #<MultiJson::LoadError: JSON::ParserError>

[39m
E, [2013-12-15T23:19:13.115672 #43957] ERROR -- : [91m
[ERROR backtrace:] ["/Users/andwen/.rvm/gems/ruby-2.0.0-p247@couchtools/gems/multi_json-1.8.2/lib/multi_json/adapter.rb:19:in `load'", "/Users/andwen/.rvm/gems/ruby-2.0.0-p247@couchtools/gems/multi_json-1.8.2/lib/multi_json.rb:120:in `load'", "/Users/andwen/project/couchdbtools/lib/couchdbtools/request.rb:50:in `response'", "/Users/andwen/project/couchdbtools/lib/couchdbtools.rb:58:in `execute'", "/Users/andwen/project/couchdbtools/lib/couchdbtools/api/server.rb:50:in `db_updates'", "development-test.rb:16:in `<main>'"]

[39m
E, [2013-12-15T23:19:56.503856 #43986] ERROR -- : [91m
[ERROR:] in  with message: 

[39m
E, [2013-12-15T23:20:54.717628 #44024] ERROR -- : [91m
[ERROR inspection:] #<MultiJson::LoadError: JSON::ParserError>

[39m
E, [2013-12-15T23:20:54.717987 #44024] ERROR -- : [91m
[ERROR backtrace:] ["/Users/andwen/.rvm/gems/ruby-2.0.0-p247@couchtools/gems/multi_json-1.8.2/lib/multi_json/adapter.rb:19:in `load'", "/Users/andwen/.rvm/gems/ruby-2.0.0-p247@couchtools/gems/multi_json-1.8.2/lib/multi_json.rb:120:in `load'", "/Users/andwen/project/couchdbtools/lib/couchdbtools/request.rb:50:in `response'", "/Users/andwen/project/couchdbtools/lib/couchdbtools.rb:58:in `execute'", "/Users/andwen/project/couchdbtools/lib/couchdbtools/api/server.rb:50:in `db_updates'", "development-test.rb:16:in `<main>'"]

[39m
E, [2013-12-15T23:21:30.488052 #44053] ERROR -- : hallo
E, [2013-12-15T23:24:35.235280 #44152] ERROR -- : 
[ERROR inspection:] #<MultiJson::LoadError: JSON::ParserError>

E, [2013-12-15T23:24:35.235742 #44152] ERROR -- : 
[ERROR backtrace:] ["/Users/andwen/.rvm/gems/ruby-2.0.0-p247@couchtools/gems/multi_json-1.8.2/lib/multi_json/adapter.rb:19:in `load'", "/Users/andwen/.rvm/gems/ruby-2.0.0-p247@couchtools/gems/multi_json-1.8.2/lib/multi_json.rb:120:in `load'", "/Users/andwen/project/couchdbtools/lib/couchdbtools/request.rb:50:in `response'", "/Users/andwen/project/couchdbtools/lib/couchdbtools.rb:58:in `execute'", "/Users/andwen/project/couchdbtools/lib/couchdbtools/api/server.rb:50:in `db_updates'", "development-test.rb:16:in `<main>'"]

E, [2013-12-15T23:24:54.009587 #44170] ERROR -- : 
[ERROR inspection:] #<MultiJson::LoadError: JSON::ParserError>

E, [2013-12-15T23:24:54.009922 #44170] ERROR -- : 
[ERROR backtrace:] ["/Users/andwen/.rvm/gems/ruby-2.0.0-p247@couchtools/gems/multi_json-1.8.2/lib/multi_json/adapter.rb:19:in `load'", "/Users/andwen/.rvm/gems/ruby-2.0.0-p247@couchtools/gems/multi_json-1.8.2/lib/multi_json.rb:120:in `load'", "/Users/andwen/project/couchdbtools/lib/couchdbtools/request.rb:50:in `response'", "/Users/andwen/project/couchdbtools/lib/couchdbtools.rb:58:in `execute'", "/Users/andwen/project/couchdbtools/lib/couchdbtools/api/server.rb:50:in `db_updates'", "development-test.rb:16:in `<main>'"]

E, [2013-12-15T23:25:10.966766 #44186] ERROR -- : 
[ERROR inspection:] #<MultiJson::LoadError: JSON::ParserError>

E, [2013-12-15T23:25:10.967011 #44186] ERROR -- : 
[ERROR backtrace:] ["/Users/andwen/.rvm/gems/ruby-2.0.0-p247@couchtools/gems/multi_json-1.8.2/lib/multi_json/adapter.rb:19:in `load'", "/Users/andwen/.rvm/gems/ruby-2.0.0-p247@couchtools/gems/multi_json-1.8.2/lib/multi_json.rb:120:in `load'", "/Users/andwen/project/couchdbtools/lib/couchdbtools/request.rb:50:in `response'", "/Users/andwen/project/couchdbtools/lib/couchdbtools.rb:58:in `execute'", "/Users/andwen/project/couchdbtools/lib/couchdbtools/api/server.rb:50:in `db_updates'", "development-test.rb:16:in `<main>'"]

E, [2013-12-15T23:25:27.388970 #44199] ERROR -- : [ERROR:] in bla with message: blub


E, [2013-12-15T23:26:11.329128 #44229] ERROR -- : [ERROR:] in bla with message: blub


E, [2013-12-15T23:26:45.862458 #44251] ERROR -- : [ERROR:] in JSON::ParserError with message: JSON::ParserError


E, [2013-12-15T23:29:14.122641 #44332] ERROR -- : [ERROR:] in JSON::ParserError with message: JSON::ParserError


E, [2013-12-15T23:31:43.791880 #44421] ERROR -- : [ERROR:] in #<MultiJson::LoadError: JSON::ParserError> with message: JSON::ParserError


E, [2013-12-15 23:36:06#44569] ERROR -- : [ERROR:] in #<MultiJson::LoadError: JSON::ParserError> with message: JSON::ParserError


E, [2013-12-15 23:37:59#44638] ERROR -- : 
inspection: #<MultiJson::LoadError: JSON::ParserError>

E, [2013-12-15 23:37:59#44638] ERROR -- : 
backtrace: ["/Users/andwen/.rvm/gems/ruby-2.0.0-p247@couchtools/gems/multi_json-1.8.2/lib/multi_json/adapter.rb:19:in `load'", "/Users/andwen/.rvm/gems/ruby-2.0.0-p247@couchtools/gems/multi_json-1.8.2/lib/multi_json.rb:120:in `load'", "/Users/andwen/project/couchdbtools/lib/couchdbtools/request.rb:50:in `response'", "/Users/andwen/project/couchdbtools/lib/couchdbtools.rb:58:in `execute'", "/Users/andwen/project/couchdbtools/lib/couchdbtools/api/server.rb:50:in `db_updates'", "development-test.rb:16:in `<main>'"]

E, [2013-12-15 23:39:37#44698] ERROR -- : 
inspection: #<MultiJson::LoadError: JSON::ParserError>

backtrace: ["/Users/andwen/.rvm/gems/ruby-2.0.0-p247@couchtools/gems/multi_json-1.8.2/lib/multi_json/adapter.rb:19:in `load'", "/Users/andwen/.rvm/gems/ruby-2.0.0-p247@couchtools/gems/multi_json-1.8.2/lib/multi_json.rb:120:in `load'", "/Users/andwen/project/couchdbtools/lib/couchdbtools/request.rb:50:in `response'", "/Users/andwen/project/couchdbtools/lib/couchdbtools.rb:58:in `execute'", "/Users/andwen/project/couchdbtools/lib/couchdbtools/api/server.rb:50:in `db_updates'", "development-test.rb:16:in `<main>'"]

E, [2013-12-15 23:48:59#45025] ERROR -- : 
inspection: #<MultiJson::LoadError: JSON::ParserError>

backtrace: ["/Users/andwen/.rvm/gems/ruby-2.0.0-p247@couchtools/gems/multi_json-1.8.2/lib/multi_json/adapter.rb:19:in `load'", "/Users/andwen/.rvm/gems/ruby-2.0.0-p247@couchtools/gems/multi_json-1.8.2/lib/multi_json.rb:120:in `load'", "/Users/andwen/project/couchdbtools/lib/couchdbtools/request.rb:50:in `response'", "/Users/andwen/project/couchdbtools/lib/couchdbtools.rb:58:in `execute'", "/Users/andwen/project/couchdbtools/lib/couchdbtools/api/server.rb:50:in `db_updates'", "development-test.rb:16:in `<main>'"]

E, [2013-12-15 23:49:38#45049] ERROR -- : 
inspection: #<MultiJson::LoadError: JSON::ParserError>

backtrace: ["/Users/andwen/.rvm/gems/ruby-2.0.0-p247@couchtools/gems/multi_json-1.8.2/lib/multi_json/adapter.rb:19:in `load'", "/Users/andwen/.rvm/gems/ruby-2.0.0-p247@couchtools/gems/multi_json-1.8.2/lib/multi_json.rb:120:in `load'", "/Users/andwen/project/couchdbtools/lib/couchdbtools/request.rb:50:in `response'", "/Users/andwen/project/couchdbtools/lib/couchdbtools.rb:58:in `execute'", "/Users/andwen/project/couchdbtools/lib/couchdbtools/api/server.rb:50:in `db_updates'", "development-test.rb:16:in `<main>'"]

E, [2013-12-15 23:51:48#45147] ERROR -- : 
inspection: #<MultiJson::LoadError: JSON::ParserError>

backtrace: ["/Users/andwen/.rvm/gems/ruby-2.0.0-p247@couchtools/gems/multi_json-1.8.2/lib/multi_json/adapter.rb:19:in `load'", "/Users/andwen/.rvm/gems/ruby-2.0.0-p247@couchtools/gems/multi_json-1.8.2/lib/multi_json.rb:120:in `load'", "/Users/andwen/project/couchdbtools/lib/couchdbtools/request.rb:50:in `response'", "/Users/andwen/project/couchdbtools/lib/couchdbtools.rb:58:in `execute'", "/Users/andwen/project/couchdbtools/lib/couchdbtools/api/server.rb:50:in `db_updates'", "development-test.rb:16:in `<main>'"]

